<?xml version="1.0" encoding="UTF-8"?>
<robot generator="Robot 3.1.1 (Python 3.7.0 on win32)" generated="20190327 18:20:35.829" rpa="false">
<suite id="s1" name="RobotProject1" source="C:\Users\Administrator\git\RobotProject_Test\RobotProject1">
<suite id="s1-s1" name="Test" source="C:\Users\Administrator\git\RobotProject_Test\RobotProject1\test">
<suite id="s1-s1-s1" name="TestSuite1" source="C:\Users\Administrator\git\RobotProject_Test\RobotProject1\test\TestSuite1.robot">
<kw name="Log" library="BuiltIn" type="setup">
<doc>Logs the given message with the given level.</doc>
<arguments>
<arg>I am in Test Suite Setup</arg>
</arguments>
<msg timestamp="20190327 18:20:36.000" level="INFO">I am in Test Suite Setup</msg>
<status status="PASS" starttime="20190327 18:20:36.000" endtime="20190327 18:20:36.000"></status>
</kw>
<test id="s1-s1-s1-t1" name="MyFirstTest">
<kw name="Log" library="BuiltIn" type="setup">
<doc>Logs the given message with the given level.</doc>
<arguments>
<arg>I am in Test Setup</arg>
</arguments>
<msg timestamp="20190327 18:20:36.001" level="INFO">I am in Test Setup</msg>
<status status="PASS" starttime="20190327 18:20:36.001" endtime="20190327 18:20:36.001"></status>
</kw>
<kw name="Log" library="BuiltIn">
<doc>Logs the given message with the given level.</doc>
<arguments>
<arg>Hello World...</arg>
</arguments>
<msg timestamp="20190327 18:20:36.002" level="INFO">Hello World...</msg>
<status status="PASS" starttime="20190327 18:20:36.002" endtime="20190327 18:20:36.002"></status>
</kw>
<kw name="Log" library="BuiltIn" type="teardown">
<doc>Logs the given message with the given level.</doc>
<arguments>
<arg>I am in Test Teardown</arg>
</arguments>
<msg timestamp="20190327 18:20:36.003" level="INFO">I am in Test Teardown</msg>
<status status="PASS" starttime="20190327 18:20:36.002" endtime="20190327 18:20:36.003"></status>
</kw>
<tags>
<tag>sanity</tag>
<tag>smoke</tag>
</tags>
<status status="PASS" starttime="20190327 18:20:36.000" endtime="20190327 18:20:36.003" critical="yes"></status>
</test>
<test id="s1-s1-s1-t2" name="MySecondTest">
<kw name="Log" library="BuiltIn" type="setup">
<doc>Logs the given message with the given level.</doc>
<arguments>
<arg>I am in Test Setup</arg>
</arguments>
<msg timestamp="20190327 18:20:36.004" level="INFO">I am in Test Setup</msg>
<status status="PASS" starttime="20190327 18:20:36.004" endtime="20190327 18:20:36.004"></status>
</kw>
<kw name="Log" library="BuiltIn">
<doc>Logs the given message with the given level.</doc>
<arguments>
<arg>I am in 2nd Test</arg>
</arguments>
<msg timestamp="20190327 18:20:36.005" level="INFO">I am in 2nd Test</msg>
<status status="PASS" starttime="20190327 18:20:36.005" endtime="20190327 18:20:36.005"></status>
</kw>
<kw name="Set Tags" library="BuiltIn">
<doc>Adds given ``tags`` for the current test or all tests in a suite.</doc>
<arguments>
<arg>regression1</arg>
</arguments>
<msg timestamp="20190327 18:20:36.006" level="INFO">Set tag 'regression1'.</msg>
<status status="PASS" starttime="20190327 18:20:36.005" endtime="20190327 18:20:36.006"></status>
</kw>
<kw name="Remove Tags" library="BuiltIn">
<doc>Removes given ``tags`` from the current test or all tests in a suite.</doc>
<arguments>
<arg>regression1</arg>
</arguments>
<msg timestamp="20190327 18:20:36.007" level="INFO">Removed tag 'regression1'.</msg>
<status status="PASS" starttime="20190327 18:20:36.006" endtime="20190327 18:20:36.007"></status>
</kw>
<kw name="Log" library="BuiltIn" type="teardown">
<doc>Logs the given message with the given level.</doc>
<arguments>
<arg>I am in Test Teardown</arg>
</arguments>
<msg timestamp="20190327 18:20:36.007" level="INFO">I am in Test Teardown</msg>
<status status="PASS" starttime="20190327 18:20:36.007" endtime="20190327 18:20:36.007"></status>
</kw>
<tags>
<tag>example</tag>
<tag>sanity</tag>
</tags>
<status status="PASS" starttime="20190327 18:20:36.003" endtime="20190327 18:20:36.008" critical="yes"></status>
</test>
<test id="s1-s1-s1-t3" name="MyThirdTest">
<kw name="Log" library="BuiltIn" type="setup">
<doc>Logs the given message with the given level.</doc>
<arguments>
<arg>I am in Test Setup</arg>
</arguments>
<msg timestamp="20190327 18:20:36.009" level="INFO">I am in Test Setup</msg>
<status status="PASS" starttime="20190327 18:20:36.009" endtime="20190327 18:20:36.009"></status>
</kw>
<kw name="Log" library="BuiltIn">
<doc>Logs the given message with the given level.</doc>
<arguments>
<arg>I am in 3rd Test</arg>
</arguments>
<msg timestamp="20190327 18:20:36.009" level="INFO">I am in 3rd Test</msg>
<status status="PASS" starttime="20190327 18:20:36.009" endtime="20190327 18:20:36.010"></status>
</kw>
<kw name="Log" library="BuiltIn" type="teardown">
<doc>Logs the given message with the given level.</doc>
<arguments>
<arg>I am in Test Teardown</arg>
</arguments>
<msg timestamp="20190327 18:20:36.010" level="INFO">I am in Test Teardown</msg>
<status status="PASS" starttime="20190327 18:20:36.010" endtime="20190327 18:20:36.010"></status>
</kw>
<tags>
<tag>sanity</tag>
</tags>
<status status="PASS" starttime="20190327 18:20:36.008" endtime="20190327 18:20:36.010" critical="yes"></status>
</test>
<kw name="Log" library="BuiltIn" type="teardown">
<doc>Logs the given message with the given level.</doc>
<arguments>
<arg>I am in Test Suite Teardown</arg>
</arguments>
<msg timestamp="20190327 18:20:36.011" level="INFO">I am in Test Suite Teardown</msg>
<status status="PASS" starttime="20190327 18:20:36.011" endtime="20190327 18:20:36.011"></status>
</kw>
<status status="PASS" starttime="20190327 18:20:35.881" endtime="20190327 18:20:36.012"></status>
</suite>
<status status="PASS" starttime="20190327 18:20:35.879" endtime="20190327 18:20:36.013"></status>
</suite>
<status status="PASS" starttime="20190327 18:20:35.854" endtime="20190327 18:20:36.014"></status>
</suite>
<statistics>
<total>
<stat pass="3" fail="0">Critical Tests</stat>
<stat pass="3" fail="0">All Tests</stat>
</total>
<tag>
<stat pass="1" fail="0">example</stat>
<stat pass="3" fail="0">sanity</stat>
<stat pass="1" fail="0">smoke</stat>
</tag>
<suite>
<stat pass="3" fail="0" id="s1" name="RobotProject1">RobotProject1</stat>
<stat pass="3" fail="0" id="s1-s1" name="Test">RobotProject1.Test</stat>
<stat pass="3" fail="0" id="s1-s1-s1" name="TestSuite1">RobotProject1.Test.TestSuite1</stat>
</suite>
</statistics>
<errors>
</errors>
</robot>
